<?xml version="1.0" encoding="UTF-8"?>
<!-- Generated by org.testng.reporters.JUnitXMLReporter -->
<testsuite ignored="1" hostname="XARISX" failures="0" tests="1" name="Test(failed)(failed)" time="0.06" errors="0" timestamp="2023-09-16T14:41:13 IST">
  <testcase classname="testNGExecution.TestNGClass2" name="method4" time="0.01"/>
  <testcase classname="testNGExecution.TestNGClass2" name="method3" time="0.0">
    <ignored/>
  </testcase> <!-- method3 -->
</testsuite> <!-- Test(failed)(failed) -->
