<?xml version="1.0" encoding="UTF-8"?>
<testng-results ignored="0" total="3" passed="2" failed="1" skipped="0">
  <reporter-output>
    <line>
      <![CDATA[onStart]]>
    </line>
    <line>
      <![CDATA[onTestStart]]>
    </line>
    <line>
      <![CDATA[Login Done!!]]>
    </line>
    <line>
      <![CDATA[onTestSuccess]]>
    </line>
    <line>
      <![CDATA[onTestStart]]>
    </line>
    <line>
      <![CDATA[createUser :Method failed and taken screenshot]]>
    </line>
    <line>
      <![CDATA[onTestStart]]>
    </line>
    <line>
      <![CDATA[Logout done!!]]>
    </line>
    <line>
      <![CDATA[onTestSuccess]]>
    </line>
  </reporter-output>
  <suite started-at="2023-09-23T23:49:22 IST" name="Default suite" finished-at="2023-09-23T23:49:30 IST" duration-ms="8026">
    <groups>
    </groups>
    <test started-at="2023-09-23T23:49:22 IST" name="Default test" finished-at="2023-09-23T23:49:30 IST" duration-ms="8026">
      <class name="dynamicScreenshot.TestCase">
        <test-method is-config="true" signature="setUp()[pri:0, instance:dynamicScreenshot.TestCase@1349883]" started-at="2023-09-23T23:49:22 IST" name="setUp" finished-at="2023-09-23T23:49:24 IST" duration-ms="2034" status="PASS">
          <reporter-output>
          </reporter-output>
        </test-method> <!-- setUp -->
        <test-method signature="loginMethod()[pri:0, instance:dynamicScreenshot.TestCase@1349883]" started-at="2023-09-23T23:49:24 IST" name="loginMethod" finished-at="2023-09-23T23:49:24 IST" duration-ms="238" status="PASS">
          <reporter-output>
            <line>
              <![CDATA[onTestStart]]>
            </line>
            <line>
              <![CDATA[Login Done!!]]>
            </line>
            <line>
              <![CDATA[onTestSuccess]]>
            </line>
          </reporter-output>
        </test-method> <!-- loginMethod -->
        <test-method is-config="true" signature="tearDown()[pri:0, instance:dynamicScreenshot.TestCase@1349883]" started-at="2023-09-23T23:49:24 IST" name="tearDown" finished-at="2023-09-23T23:49:25 IST" duration-ms="175" status="PASS">
          <reporter-output>
          </reporter-output>
        </test-method> <!-- tearDown -->
        <test-method is-config="true" signature="setUp()[pri:0, instance:dynamicScreenshot.TestCase@1349883]" started-at="2023-09-23T23:49:25 IST" name="setUp" finished-at="2023-09-23T23:49:26 IST" duration-ms="1281" status="PASS">
          <reporter-output>
          </reporter-output>
        </test-method> <!-- setUp -->
        <test-method signature="createUser()[pri:0, instance:dynamicScreenshot.TestCase@1349883]" started-at="2023-09-23T23:49:26 IST" name="createUser" finished-at="2023-09-23T23:49:26 IST" depends-on-methods="dynamicScreenshot.TestCase.loginMethod" duration-ms="11" status="FAIL">
          <exception class="java.lang.AssertionError">
            <message>
              <![CDATA[null]]>
            </message>
            <full-stacktrace>
              <![CDATA[java.lang.AssertionError: null
at org.testng.Assert.fail(Assert.java:111)
at org.testng.Assert.fail(Assert.java:116)
at dynamicScreenshot.TestCase.createUser(TestCase.java:30)
at java.base/jdk.internal.reflect.NativeMethodAccessorImpl.invoke0(Native Method)
at java.base/jdk.internal.reflect.NativeMethodAccessorImpl.invoke(NativeMethodAccessorImpl.java:77)
at java.base/jdk.internal.reflect.DelegatingMethodAccessorImpl.invoke(DelegatingMethodAccessorImpl.java:43)
at java.base/java.lang.reflect.Method.invoke(Method.java:568)
at org.testng.internal.invokers.MethodInvocationHelper.invokeMethod(MethodInvocationHelper.java:139)
at org.testng.internal.invokers.TestInvoker.invokeMethod(TestInvoker.java:664)
at org.testng.internal.invokers.TestInvoker.invokeTestMethod(TestInvoker.java:227)
at org.testng.internal.invokers.MethodRunner.runInSequence(MethodRunner.java:50)
at org.testng.internal.invokers.TestInvoker$MethodInvocationAgent.invoke(TestInvoker.java:957)
at org.testng.internal.invokers.TestInvoker.invokeTestMethods(TestInvoker.java:200)
at org.testng.internal.invokers.TestMethodWorker.invokeTestMethods(TestMethodWorker.java:148)
at org.testng.internal.invokers.TestMethodWorker.run(TestMethodWorker.java:128)
at java.base/java.util.ArrayList.forEach(ArrayList.java:1511)
at org.testng.TestRunner.privateRun(TestRunner.java:848)
at org.testng.TestRunner.run(TestRunner.java:621)
at org.testng.SuiteRunner.runTest(SuiteRunner.java:443)
at org.testng.SuiteRunner.runSequentially(SuiteRunner.java:437)
at org.testng.SuiteRunner.privateRun(SuiteRunner.java:397)
at org.testng.SuiteRunner.run(SuiteRunner.java:336)
at org.testng.SuiteRunnerWorker.runSuite(SuiteRunnerWorker.java:52)
at org.testng.SuiteRunnerWorker.run(SuiteRunnerWorker.java:95)
at org.testng.TestNG.runSuitesSequentially(TestNG.java:1280)
at org.testng.TestNG.runSuitesLocally(TestNG.java:1200)
at org.testng.TestNG.runSuites(TestNG.java:1114)
at org.testng.TestNG.run(TestNG.java:1082)
at org.testng.remote.AbstractRemoteTestNG.run(AbstractRemoteTestNG.java:115)
at org.testng.remote.RemoteTestNG.initAndRun(RemoteTestNG.java:251)
at org.testng.remote.RemoteTestNG.main(RemoteTestNG.java:77)
]]>
            </full-stacktrace>
          </exception> <!-- java.lang.AssertionError -->
          <reporter-output>
            <line>
              <![CDATA[onTestStart]]>
            </line>
            <line>
              <![CDATA[createUser :Method failed and taken screenshot]]>
            </line>
          </reporter-output>
        </test-method> <!-- createUser -->
        <test-method is-config="true" signature="tearDown()[pri:0, instance:dynamicScreenshot.TestCase@1349883]" started-at="2023-09-23T23:49:26 IST" name="tearDown" finished-at="2023-09-23T23:49:26 IST" duration-ms="208" status="PASS">
          <reporter-output>
          </reporter-output>
        </test-method> <!-- tearDown -->
        <test-method is-config="true" signature="setUp()[pri:0, instance:dynamicScreenshot.TestCase@1349883]" started-at="2023-09-23T23:49:26 IST" name="setUp" finished-at="2023-09-23T23:49:28 IST" duration-ms="1938" status="PASS">
          <reporter-output>
          </reporter-output>
        </test-method> <!-- setUp -->
        <test-method signature="logoutMethod()[pri:0, instance:dynamicScreenshot.TestCase@1349883]" started-at="2023-09-23T23:49:28 IST" name="logoutMethod" finished-at="2023-09-23T23:49:30 IST" depends-on-methods="dynamicScreenshot.TestCase.createUser" duration-ms="1375" status="PASS">
          <reporter-output>
            <line>
              <![CDATA[onTestStart]]>
            </line>
            <line>
              <![CDATA[Logout done!!]]>
            </line>
            <line>
              <![CDATA[onTestSuccess]]>
            </line>
          </reporter-output>
        </test-method> <!-- logoutMethod -->
        <test-method is-config="true" signature="tearDown()[pri:0, instance:dynamicScreenshot.TestCase@1349883]" started-at="2023-09-23T23:49:30 IST" name="tearDown" finished-at="2023-09-23T23:49:30 IST" duration-ms="375" status="PASS">
          <reporter-output>
          </reporter-output>
        </test-method> <!-- tearDown -->
      </class> <!-- dynamicScreenshot.TestCase -->
    </test> <!-- Default test -->
  </suite> <!-- Default suite -->
</testng-results>
